<?xml version="1.0" encoding="UTF-8"?>
<testsuite xmlns:xsi="http://www.w3.org/2001/XMLSchema-instance" xsi:noNamespaceSchemaLocation="https://maven.apache.org/surefire/maven-surefire-plugin/xsd/surefire-test-report.xsd" name="cn.lgq.www.test.UUIDUtilsTest" time="1.501" tests="1" errors="0" skipped="0" failures="0">
  <properties>
    <property name="sun.desktop" value="windows"/>
    <property name="awt.toolkit" value="sun.awt.windows.WToolkit"/>
    <property name="file.encoding.pkg" value="sun.io"/>
    <property name="java.specification.version" value="1.8"/>
    <property name="sun.cpu.isalist" value="amd64"/>
    <property name="sun.jnu.encoding" value="GBK"/>
    <property name="java.class.path" value="D:\IDEA\project_code\subversion\privilege_management\privilege_management_utils\target\test-classes;D:\IDEA\project_code\subversion\privilege_management\privilege_management_utils\target\classes;D:\maven\database\maven_repository1\maven_repository\org\aspectj\aspectjweaver\1.9.5\aspectjweaver-1.9.5.jar;D:\maven\database\maven_repository1\maven_repository\org\springframework\spring-aop\5.2.4.RELEASE\spring-aop-5.2.4.RELEASE.jar;D:\maven\database\maven_repository1\maven_repository\org\springframework\spring-context\5.2.4.RELEASE\spring-context-5.2.4.RELEASE.jar;D:\maven\database\maven_repository1\maven_repository\org\springframework\spring-expression\5.2.4.RELEASE\spring-expression-5.2.4.RELEASE.jar;D:\maven\database\maven_repository1\maven_repository\org\springframework\spring-context-support\5.2.4.RELEASE\spring-context-support-5.2.4.RELEASE.jar;D:\maven\database\maven_repository1\maven_repository\org\springframework\spring-web\5.2.4.RELEASE\spring-web-5.2.4.RELEASE.jar;D:\maven\database\maven_repository1\maven_repository\org\springframework\spring-orm\5.2.4.RELEASE\spring-orm-5.2.4.RELEASE.jar;D:\maven\database\maven_repository1\maven_repository\org\springframework\spring-jdbc\5.2.4.RELEASE\spring-jdbc-5.2.4.RELEASE.jar;D:\maven\database\maven_repository1\maven_repository\org\springframework\spring-beans\5.2.4.RELEASE\spring-beans-5.2.4.RELEASE.jar;D:\maven\database\maven_repository1\maven_repository\org\springframework\spring-core\5.2.4.RELEASE\spring-core-5.2.4.RELEASE.jar;D:\maven\database\maven_repository1\maven_repository\org\springframework\spring-jcl\5.2.4.RELEASE\spring-jcl-5.2.4.RELEASE.jar;D:\maven\database\maven_repository1\maven_repository\org\springframework\spring-test\5.2.4.RELEASE\spring-test-5.2.4.RELEASE.jar;D:\maven\database\maven_repository1\maven_repository\org\springframework\spring-webmvc\5.2.4.RELEASE\spring-webmvc-5.2.4.RELEASE.jar;D:\maven\database\maven_repository1\maven_repository\org\springframework\spring-tx\5.2.4.RELEASE\spring-tx-5.2.4.RELEASE.jar;D:\maven\database\maven_repository1\maven_repository\junit\junit\4.12\junit-4.12.jar;D:\maven\database\maven_repository1\maven_repository\org\hamcrest\hamcrest-core\1.3\hamcrest-core-1.3.jar;D:\maven\database\maven_repository1\maven_repository\mysql\mysql-connector-java\8.0.17\mysql-connector-java-8.0.17.jar;D:\maven\database\maven_repository1\maven_repository\com\google\protobuf\protobuf-java\3.6.1\protobuf-java-3.6.1.jar;D:\maven\database\maven_repository1\maven_repository\javax\servlet\javax.servlet-api\4.0.1\javax.servlet-api-4.0.1.jar;D:\maven\database\maven_repository1\maven_repository\javax\servlet\jstl\1.2\jstl-1.2.jar;D:\maven\database\maven_repository1\maven_repository\log4j\log4j\1.2.17\log4j-1.2.17.jar;D:\maven\database\maven_repository1\maven_repository\org\slf4j\slf4j-api\1.8.0-beta2\slf4j-api-1.8.0-beta2.jar;D:\maven\database\maven_repository1\maven_repository\org\slf4j\slf4j-log4j12\1.8.0-beta2\slf4j-log4j12-1.8.0-beta2.jar;D:\maven\database\maven_repository1\maven_repository\org\mybatis\mybatis\3.5.3\mybatis-3.5.3.jar;D:\maven\database\maven_repository1\maven_repository\org\mybatis\mybatis-spring\2.0.4\mybatis-spring-2.0.4.jar;D:\maven\database\maven_repository1\maven_repository\com\mchange\c3p0\0.9.5.5\c3p0-0.9.5.5.jar;D:\maven\database\maven_repository1\maven_repository\com\mchange\mchange-commons-java\0.2.19\mchange-commons-java-0.2.19.jar;D:\maven\database\maven_repository1\maven_repository\com\github\pagehelper\pagehelper\5.1.11\pagehelper-5.1.11.jar;D:\maven\database\maven_repository1\maven_repository\com\github\jsqlparser\jsqlparser\2.0\jsqlparser-2.0.jar;D:\maven\database\maven_repository1\maven_repository\org\springframework\security\spring-security-web\5.3.0.RELEASE\spring-security-web-5.3.0.RELEASE.jar;D:\maven\database\maven_repository1\maven_repository\org\springframework\security\spring-security-config\5.3.0.RELEASE\spring-security-config-5.3.0.RELEASE.jar;D:\maven\database\maven_repository1\maven_repository\org\springframework\security\spring-security-core\5.3.0.RELEASE\spring-security-core-5.3.0.RELEASE.jar;D:\maven\database\maven_repository1\maven_repository\org\springframework\security\spring-security-taglibs\5.3.0.RELEASE\spring-security-taglibs-5.3.0.RELEASE.jar;D:\maven\database\maven_repository1\maven_repository\org\springframework\security\spring-security-acl\5.3.0.RELEASE\spring-security-acl-5.3.0.RELEASE.jar;D:\maven\database\maven_repository1\maven_repository\com\alibaba\druid\1.1.21\druid-1.1.21.jar;"/>
    <property name="java.vm.vendor" value="Oracle Corporation"/>
    <property name="sun.arch.data.model" value="64"/>
    <property name="user.variant" value=""/>
    <property name="java.vendor.url" value="http://java.oracle.com/"/>
    <property name="user.timezone" value="Asia/Shanghai"/>
    <property name="java.vm.specification.version" value="1.8"/>
    <property name="os.name" value="Windows 7"/>
    <property name="user.country" value="CN"/>
    <property name="sun.java.launcher" value="SUN_STANDARD"/>
    <property name="sun.boot.library.path" value="D:\eclipse\downloadjdk\jre\bin"/>
    <property name="sun.java.command" value="C:\Users\john\AppData\Local\Temp\surefire520868503338207135\surefirebooter7254262877201928346.jar C:\Users\john\AppData\Local\Temp\surefire520868503338207135 2020-04-14T08-27-44_447-jvmRun1 surefire3570345665821230738tmp surefire_05139876401488412463tmp"/>
    <property name="surefire.test.class.path" value="D:\IDEA\project_code\subversion\privilege_management\privilege_management_utils\target\test-classes;D:\IDEA\project_code\subversion\privilege_management\privilege_management_utils\target\classes;D:\maven\database\maven_repository1\maven_repository\org\aspectj\aspectjweaver\1.9.5\aspectjweaver-1.9.5.jar;D:\maven\database\maven_repository1\maven_repository\org\springframework\spring-aop\5.2.4.RELEASE\spring-aop-5.2.4.RELEASE.jar;D:\maven\database\maven_repository1\maven_repository\org\springframework\spring-context\5.2.4.RELEASE\spring-context-5.2.4.RELEASE.jar;D:\maven\database\maven_repository1\maven_repository\org\springframework\spring-expression\5.2.4.RELEASE\spring-expression-5.2.4.RELEASE.jar;D:\maven\database\maven_repository1\maven_repository\org\springframework\spring-context-support\5.2.4.RELEASE\spring-context-support-5.2.4.RELEASE.jar;D:\maven\database\maven_repository1\maven_repository\org\springframework\spring-web\5.2.4.RELEASE\spring-web-5.2.4.RELEASE.jar;D:\maven\database\maven_repository1\maven_repository\org\springframework\spring-orm\5.2.4.RELEASE\spring-orm-5.2.4.RELEASE.jar;D:\maven\database\maven_repository1\maven_repository\org\springframework\spring-jdbc\5.2.4.RELEASE\spring-jdbc-5.2.4.RELEASE.jar;D:\maven\database\maven_repository1\maven_repository\org\springframework\spring-beans\5.2.4.RELEASE\spring-beans-5.2.4.RELEASE.jar;D:\maven\database\maven_repository1\maven_repository\org\springframework\spring-core\5.2.4.RELEASE\spring-core-5.2.4.RELEASE.jar;D:\maven\database\maven_repository1\maven_repository\org\springframework\spring-jcl\5.2.4.RELEASE\spring-jcl-5.2.4.RELEASE.jar;D:\maven\database\maven_repository1\maven_repository\org\springframework\spring-test\5.2.4.RELEASE\spring-test-5.2.4.RELEASE.jar;D:\maven\database\maven_repository1\maven_repository\org\springframework\spring-webmvc\5.2.4.RELEASE\spring-webmvc-5.2.4.RELEASE.jar;D:\maven\database\maven_repository1\maven_repository\org\springframework\spring-tx\5.2.4.RELEASE\spring-tx-5.2.4.RELEASE.jar;D:\maven\database\maven_repository1\maven_repository\junit\junit\4.12\junit-4.12.jar;D:\maven\database\maven_repository1\maven_repository\org\hamcrest\hamcrest-core\1.3\hamcrest-core-1.3.jar;D:\maven\database\maven_repository1\maven_repository\mysql\mysql-connector-java\8.0.17\mysql-connector-java-8.0.17.jar;D:\maven\database\maven_repository1\maven_repository\com\google\protobuf\protobuf-java\3.6.1\protobuf-java-3.6.1.jar;D:\maven\database\maven_repository1\maven_repository\javax\servlet\javax.servlet-api\4.0.1\javax.servlet-api-4.0.1.jar;D:\maven\database\maven_repository1\maven_repository\javax\servlet\jstl\1.2\jstl-1.2.jar;D:\maven\database\maven_repository1\maven_repository\log4j\log4j\1.2.17\log4j-1.2.17.jar;D:\maven\database\maven_repository1\maven_repository\org\slf4j\slf4j-api\1.8.0-beta2\slf4j-api-1.8.0-beta2.jar;D:\maven\database\maven_repository1\maven_repository\org\slf4j\slf4j-log4j12\1.8.0-beta2\slf4j-log4j12-1.8.0-beta2.jar;D:\maven\database\maven_repository1\maven_repository\org\mybatis\mybatis\3.5.3\mybatis-3.5.3.jar;D:\maven\database\maven_repository1\maven_repository\org\mybatis\mybatis-spring\2.0.4\mybatis-spring-2.0.4.jar;D:\maven\database\maven_repository1\maven_repository\com\mchange\c3p0\0.9.5.5\c3p0-0.9.5.5.jar;D:\maven\database\maven_repository1\maven_repository\com\mchange\mchange-commons-java\0.2.19\mchange-commons-java-0.2.19.jar;D:\maven\database\maven_repository1\maven_repository\com\github\pagehelper\pagehelper\5.1.11\pagehelper-5.1.11.jar;D:\maven\database\maven_repository1\maven_repository\com\github\jsqlparser\jsqlparser\2.0\jsqlparser-2.0.jar;D:\maven\database\maven_repository1\maven_repository\org\springframework\security\spring-security-web\5.3.0.RELEASE\spring-security-web-5.3.0.RELEASE.jar;D:\maven\database\maven_repository1\maven_repository\org\springframework\security\spring-security-config\5.3.0.RELEASE\spring-security-config-5.3.0.RELEASE.jar;D:\maven\database\maven_repository1\maven_repository\org\springframework\security\spring-security-core\5.3.0.RELEASE\spring-security-core-5.3.0.RELEASE.jar;D:\maven\database\maven_repository1\maven_repository\org\springframework\security\spring-security-taglibs\5.3.0.RELEASE\spring-security-taglibs-5.3.0.RELEASE.jar;D:\maven\database\maven_repository1\maven_repository\org\springframework\security\spring-security-acl\5.3.0.RELEASE\spring-security-acl-5.3.0.RELEASE.jar;D:\maven\database\maven_repository1\maven_repository\com\alibaba\druid\1.1.21\druid-1.1.21.jar;"/>
    <property name="sun.cpu.endian" value="little"/>
    <property name="user.home" value="C:\Users\john"/>
    <property name="user.language" value="zh"/>
    <property name="java.specification.vendor" value="Oracle Corporation"/>
    <property name="java.home" value="D:\eclipse\downloadjdk\jre"/>
    <property name="basedir" value="D:\IDEA\project_code\subversion\privilege_management\privilege_management_utils"/>
    <property name="file.separator" value="\"/>
    <property name="line.separator" value="&#10;"/>
    <property name="java.vm.specification.vendor" value="Oracle Corporation"/>
    <property name="java.specification.name" value="Java Platform API Specification"/>
    <property name="java.awt.graphicsenv" value="sun.awt.Win32GraphicsEnvironment"/>
    <property name="surefire.real.class.path" value="C:\Users\john\AppData\Local\Temp\surefire520868503338207135\surefirebooter7254262877201928346.jar"/>
    <property name="sun.boot.class.path" value="D:\eclipse\downloadjdk\jre\lib\resources.jar;D:\eclipse\downloadjdk\jre\lib\rt.jar;D:\eclipse\downloadjdk\jre\lib\sunrsasign.jar;D:\eclipse\downloadjdk\jre\lib\jsse.jar;D:\eclipse\downloadjdk\jre\lib\jce.jar;D:\eclipse\downloadjdk\jre\lib\charsets.jar;D:\eclipse\downloadjdk\jre\lib\jfr.jar;D:\eclipse\downloadjdk\jre\classes"/>
    <property name="user.script" value=""/>
    <property name="sun.management.compiler" value="HotSpot 64-Bit Tiered Compilers"/>
    <property name="java.runtime.version" value="1.8.0_181-b13"/>
    <property name="user.name" value="john"/>
    <property name="path.separator" value=";"/>
    <property name="os.version" value="6.1"/>
    <property name="java.endorsed.dirs" value="D:\eclipse\downloadjdk\jre\lib\endorsed"/>
    <property name="java.runtime.name" value="Java(TM) SE Runtime Environment"/>
    <property name="file.encoding" value="GBK"/>
    <property name="java.vm.name" value="Java HotSpot(TM) 64-Bit Server VM"/>
    <property name="localRepository" value="D:\maven\database\maven_repository1\maven_repository"/>
    <property name="java.vendor.url.bug" value="http://bugreport.sun.com/bugreport/"/>
    <property name="java.io.tmpdir" value="C:\Users\john\AppData\Local\Temp\"/>
    <property name="java.version" value="1.8.0_181"/>
    <property name="user.dir" value="D:\IDEA\project_code\subversion\privilege_management\privilege_management_utils"/>
    <property name="os.arch" value="amd64"/>
    <property name="java.vm.specification.name" value="Java Virtual Machine Specification"/>
    <property name="java.awt.printerjob" value="sun.awt.windows.WPrinterJob"/>
    <property name="sun.os.patch.level" value="Service Pack 1"/>
    <property name="java.library.path" value="D:\eclipse\downloadjdk\jre\bin;C:\Windows\Sun\Java\bin;C:\Windows\system32;C:\Windows;C:\Program Files\VanDyke Software\Clients\;C:\Program Files (x86)\Common Files\Oracle\Java\javapath;D:\eclipse\downloadjdk\bin;C:\Windows\system32;C:\Windows;C:\Windows\System32\Wbem;C:\Windows\System32\Windows System Resource Manager\bin; L;\Eclipse\eclipse\jre\bin\javaw.exe;D:\eclipse\downloadjdk\bin;D:\datebase\mysql\mysql-8.0.17-winx64;\bin;D:\maven\apache-maven-3.6.3-bin\apache-maven-3.6.3\bin;D:\subversion\location\bin;C:\Program Files\TortoiseSVN\bin;."/>
    <property name="java.vm.info" value="mixed mode"/>
    <property name="java.vendor" value="Oracle Corporation"/>
    <property name="java.vm.version" value="25.181-b13"/>
    <property name="idea.version2019.3" value="true"/>
    <property name="java.ext.dirs" value="D:\eclipse\downloadjdk\jre\lib\ext;C:\Windows\Sun\Java\lib\ext"/>
    <property name="sun.io.unicode.encoding" value="UnicodeLittle"/>
    <property name="maven.repo.local" value="D:\maven\database\maven_repository1\maven_repository"/>
    <property name="java.class.version" value="52.0"/>
  </properties>
  <testcase name="uuidTest" classname="cn.lgq.www.test.UUIDUtilsTest" time="1.335"/>
</testsuite>